2019-12-06T04:09:57.660910Z mysqld_safe Logging to '/var/log/mysql/error.log'.
2019-12-06T04:09:57.683248Z mysqld_safe Starting mysqld daemon with databases from /var/lib/mysql
2019-12-06T04:09:57.889770Z 0 [Warning] TIMESTAMP with implicit DEFAULT value is deprecated. Please use --explicit_defaults_for_timestamp server option (see documentation for more details).
2019-12-06T04:09:57.891706Z 0 [Note] /usr/sbin/mysqld (mysqld 5.7.27-0ubuntu0.18.04.1) starting as process 406 ...
2019-12-06T04:09:57.896119Z 0 [Note] InnoDB: PUNCH HOLE support available
2019-12-06T04:09:57.896178Z 0 [Note] InnoDB: Mutexes and rw_locks use GCC atomic builtins
2019-12-06T04:09:57.896196Z 0 [Note] InnoDB: Uses event mutexes
2019-12-06T04:09:57.896212Z 0 [Note] InnoDB: GCC builtin __atomic_thread_fence() is used for memory barrier
2019-12-06T04:09:57.896229Z 0 [Note] InnoDB: Compressed tables use zlib 1.2.11
2019-12-06T04:09:57.896245Z 0 [Note] InnoDB: Using Linux native AIO
2019-12-06T04:09:57.896493Z 0 [Note] InnoDB: Number of pools: 1
2019-12-06T04:09:57.896617Z 0 [Note] InnoDB: Using CPU crc32 instructions
2019-12-06T04:09:57.898536Z 0 [Note] InnoDB: Initializing buffer pool, total size = 128M, instances = 1, chunk size = 128M
2019-12-06T04:09:57.906819Z 0 [Note] InnoDB: Completed initialization of buffer pool
2019-12-06T04:09:57.909463Z 0 [Note] InnoDB: If the mysqld execution user is authorized, page cleaner thread priority can be changed. See the man page of setpriority().
2019-12-06T04:09:57.921183Z 0 [Note] InnoDB: Highest supported file format is Barracuda.
2019-12-06T04:09:57.930572Z 0 [Note] InnoDB: Creating shared tablespace for temporary tables
2019-12-06T04:09:57.930671Z 0 [Note] InnoDB: Setting file './ibtmp1' size to 12 MB. Physically writing the file full; Please wait ...
2019-12-06T04:09:57.967621Z 0 [Note] InnoDB: File './ibtmp1' size is now 12 MB.
2019-12-06T04:09:57.968432Z 0 [Note] InnoDB: 96 redo rollback segment(s) found. 96 redo rollback segment(s) are active.
2019-12-06T04:09:57.968479Z 0 [Note] InnoDB: 32 non-redo rollback segment(s) are active.
2019-12-06T04:09:57.969014Z 0 [Note] InnoDB: 5.7.27 started; log sequence number 1209999
2019-12-06T04:09:57.969219Z 0 [Note] InnoDB: Loading buffer pool(s) from /var/lib/mysql/ib_buffer_pool
2019-12-06T04:09:57.969363Z 0 [Note] InnoDB: Buffer pool(s) load completed at 191206  4:09:57
2019-12-06T04:09:57.969401Z 0 [Note] Plugin 'FEDERATED' is disabled.
mysqld: Table 'mysql.plugin' doesn't exist
2019-12-06T04:09:57.969520Z 0 [ERROR] Can't open the mysql.plugin table. Please run mysql_upgrade to create it.
2019-12-06T04:09:57.969885Z 0 [Warning] Gtid table is not ready to be used. Table 'mysql.gtid_executed' cannot be opened.
2019-12-06T04:09:57.969953Z 0 [Warning] Failed to set up SSL because of the following SSL library error: SSL context is not usable without certificate and private key
2019-12-06T04:09:57.969973Z 0 [Note] Server hostname (bind-address): '*'; port: 3306
2019-12-06T04:09:57.970007Z 0 [Note] IPv6 is available.
2019-12-06T04:09:57.970022Z 0 [Note]   - '::' resolves to '::';
2019-12-06T04:09:57.970055Z 0 [Note] Server socket created on IP: '::'.
2019-12-06T04:09:57.978469Z 0 [Warning] Failed to open optimizer cost constant tables

2019-12-06T04:09:57.978684Z 0 [ERROR] Fatal error: Can't open and lock privilege tables: Table 'mysql.user' doesn't exist
2019-12-06T04:09:57.978708Z 0 [ERROR] Fatal error: Failed to initialize ACL/grant/time zones structures or failed to remove temporary table files.
2019-12-06T04:09:57.978788Z 0 [ERROR] Aborting

2019-12-06T04:09:57.978820Z 0 [Note] Binlog end
2019-12-06T04:09:57.978874Z 0 [Note] Shutting down plugin 'ngram'
2019-12-06T04:09:57.978901Z 0 [Note] Shutting down plugin 'partition'
2019-12-06T04:09:57.978917Z 0 [Note] Shutting down plugin 'BLACKHOLE'
2019-12-06T04:09:57.978929Z 0 [Note] Shutting down plugin 'ARCHIVE'
2019-12-06T04:09:57.978939Z 0 [Note] Shutting down plugin 'PERFORMANCE_SCHEMA'
2019-12-06T04:09:57.978987Z 0 [Note] Shutting down plugin 'MRG_MYISAM'
2019-12-06T04:09:57.978999Z 0 [Note] Shutting down plugin 'MyISAM'
2019-12-06T04:09:57.979027Z 0 [Note] Shutting down plugin 'INNODB_SYS_VIRTUAL'
2019-12-06T04:09:57.979045Z 0 [Note] Shutting down plugin 'INNODB_SYS_DATAFILES'
2019-12-06T04:09:57.979060Z 0 [Note] Shutting down plugin 'INNODB_SYS_TABLESPACES'
2019-12-06T04:09:57.979082Z 0 [Note] Shutting down plugin 'INNODB_SYS_FOREIGN_COLS'
2019-12-06T04:09:57.979105Z 0 [Note] Shutting down plugin 'INNODB_SYS_FOREIGN'
2019-12-06T04:09:57.979120Z 0 [Note] Shutting down plugin 'INNODB_SYS_FIELDS'
2019-12-06T04:09:57.979130Z 0 [Note] Shutting down plugin 'INNODB_SYS_COLUMNS'
2019-12-06T04:09:57.979141Z 0 [Note] Shutting down plugin 'INNODB_SYS_INDEXES'
2019-12-06T04:09:57.979155Z 0 [Note] Shutting down plugin 'INNODB_SYS_TABLESTATS'
2019-12-06T04:09:57.979169Z 0 [Note] Shutting down plugin 'INNODB_SYS_TABLES'
2019-12-06T04:09:57.979180Z 0 [Note] Shutting down plugin 'INNODB_FT_INDEX_TABLE'
2019-12-06T04:09:57.979190Z 0 [Note] Shutting down plugin 'INNODB_FT_INDEX_CACHE'
2019-12-06T04:09:57.979200Z 0 [Note] Shutting down plugin 'INNODB_FT_CONFIG'
2019-12-06T04:09:57.979210Z 0 [Note] Shutting down plugin 'INNODB_FT_BEING_DELETED'
2019-12-06T04:09:57.979220Z 0 [Note] Shutting down plugin 'INNODB_FT_DELETED'
2019-12-06T04:09:57.979230Z 0 [Note] Shutting down plugin 'INNODB_FT_DEFAULT_STOPWORD'
2019-12-06T04:09:57.979240Z 0 [Note] Shutting down plugin 'INNODB_METRICS'
2019-12-06T04:09:57.979250Z 0 [Note] Shutting down plugin 'INNODB_TEMP_TABLE_INFO'
2019-12-06T04:09:57.979260Z 0 [Note] Shutting down plugin 'INNODB_BUFFER_POOL_STATS'
2019-12-06T04:09:57.979270Z 0 [Note] Shutting down plugin 'INNODB_BUFFER_PAGE_LRU'
2019-12-06T04:09:57.979280Z 0 [Note] Shutting down plugin 'INNODB_BUFFER_PAGE'
2019-12-06T04:09:57.979290Z 0 [Note] Shutting down plugin 'INNODB_CMP_PER_INDEX_RESET'
2019-12-06T04:09:57.979299Z 0 [Note] Shutting down plugin 'INNODB_CMP_PER_INDEX'
2019-12-06T04:09:57.979312Z 0 [Note] Shutting down plugin 'INNODB_CMPMEM_RESET'
2019-12-06T04:09:57.979324Z 0 [Note] Shutting down plugin 'INNODB_CMPMEM'
2019-12-06T04:09:57.979334Z 0 [Note] Shutting down plugin 'INNODB_CMP_RESET'
2019-12-06T04:09:57.979344Z 0 [Note] Shutting down plugin 'INNODB_CMP'
2019-12-06T04:09:57.979354Z 0 [Note] Shutting down plugin 'INNODB_LOCK_WAITS'
2019-12-06T04:09:57.979364Z 0 [Note] Shutting down plugin 'INNODB_LOCKS'
2019-12-06T04:09:57.979374Z 0 [Note] Shutting down plugin 'INNODB_TRX'
2019-12-06T04:09:57.979384Z 0 [Note] Shutting down plugin 'InnoDB'
2019-12-06T04:09:57.979461Z 0 [Note] InnoDB: FTS optimize thread exiting.
2019-12-06T04:09:57.979591Z 0 [Note] InnoDB: Starting shutdown...
2019-12-06T04:09:58.080040Z 0 [Note] InnoDB: Dumping buffer pool(s) to /var/lib/mysql/ib_buffer_pool
2019-12-06T04:09:58.080258Z 0 [Note] InnoDB: Buffer pool(s) dump completed at 191206  4:09:58
2019-12-06T04:09:59.588360Z 0 [Note] InnoDB: Shutdown completed; log sequence number 1210018
2019-12-06T04:09:59.589894Z 0 [Note] InnoDB: Removed temporary tablespace data file: "ibtmp1"
2019-12-06T04:09:59.589941Z 0 [Note] Shutting down plugin 'MEMORY'
2019-12-06T04:09:59.589956Z 0 [Note] Shutting down plugin 'CSV'
2019-12-06T04:09:59.589969Z 0 [Note] Shutting down plugin 'sha256_password'
2019-12-06T04:09:59.589981Z 0 [Note] Shutting down plugin 'mysql_native_password'
2019-12-06T04:09:59.590155Z 0 [Note] Shutting down plugin 'binlog'
2019-12-06T04:09:59.590354Z 0 [Note] /usr/sbin/mysqld: Shutdown complete

2019-12-06T04:09:59.636933Z mysqld_safe mysqld from pid file /var/run/mysqld/mysqld.pid ended
